<?xml version="1.0" encoding="UTF-8"?>
<!-- Generated by org.testng.reporters.JUnitReportReporter -->
<testsuite hostname="Ameyas-MBP.fritz.box" failures="0" tests="6" name="com.supriya.ultimateqa.authentication.tests.UserMenuComponentTest" time="3.756" errors="0" timestamp="17 Jun 2025 10:26:24 GMT" skipped="0">
  <testcase classname="com.supriya.ultimateqa.authentication.tests.UserMenuComponentTest" name="testUserMenuButtonIsDisplayed" time="3.196"/>
  <testcase classname="com.supriya.ultimateqa.authentication.tests.UserMenuComponentTest" name="verifyUserMenuButtonClickable" time="0.241"/>
  <testcase classname="com.supriya.ultimateqa.authentication.tests.UserMenuComponentTest" name="testMyAccountOptionIsDisplayed" time="0.082"/>
  <testcase classname="com.supriya.ultimateqa.authentication.tests.UserMenuComponentTest" name="testSupportOptionIsDisplayed" time="0.083"/>
  <testcase classname="com.supriya.ultimateqa.authentication.tests.UserMenuComponentTest" name="testSignOutOptionIsDisplayed" time="0.076"/>
  <testcase classname="com.supriya.ultimateqa.authentication.tests.UserMenuComponentTest" name="verifyDropdownOptionsText" time="0.078"/>
</testsuite> <!-- com.supriya.ultimateqa.authentication.tests.UserMenuComponentTest -->
