<?xml version="1.0" encoding="UTF-8"?>
<!-- Generated by org.testng.reporters.JUnitReportReporter -->
<testsuite hostname="Ameyas-MBP.fritz.box" failures="0" tests="1" name="com.supriya.ultimateqa.authentication.tests.HomePageTests" time="6.716" errors="0" timestamp="18 Jun 2025 12:47:56 GMT" skipped="0">
  <testcase classname="com.supriya.ultimateqa.authentication.tests.HomePageTests" name="signToApplicationTest" time="6.716"/>
</testsuite> <!-- com.supriya.ultimateqa.authentication.tests.HomePageTests -->
