<?xml version="1.0" encoding="UTF-8"?>
<!-- Generated by org.testng.reporters.JUnitReportReporter -->
<testsuite hostname="Ameyas-MBP.fritz.box" failures="0" tests="1" name="com.supriya.ultimateqa.authentication.tests.MyAccountPageTest" time="4.946" errors="0" timestamp="17 Jun 2025 10:41:34 GMT" skipped="0">
  <testcase classname="com.supriya.ultimateqa.authentication.tests.MyAccountPageTest" name="testMyAccountNavigationAndTitle" time="4.946"/>
</testsuite> <!-- com.supriya.ultimateqa.authentication.tests.MyAccountPageTest -->
