<?xml version="1.0" encoding="UTF-8"?>
<!-- Generated by org.testng.reporters.JUnitReportReporter -->
<testsuite hostname="Ameyas-MBP.fritz.box" failures="0" tests="1" name="com.supriya.ultimateqa.authentication.tests.MyDashboardPageTest" time="7.568" errors="0" timestamp="18 Jun 2025 12:51:24 GMT" skipped="0">
  <testcase classname="com.supriya.ultimateqa.authentication.tests.MyDashboardPageTest" name="getMyDashboardPageTest" time="7.568"/>
</testsuite> <!-- com.supriya.ultimateqa.authentication.tests.MyDashboardPageTest -->
