<?xml version="1.0" encoding="UTF-8"?>
<!-- Generated by org.testng.reporters.JUnitReportReporter -->
<testsuite hostname="Ameyas-MBP.fritz.box" failures="0" tests="7" name="com.supriya.ultimateqa.authentication.tests.UserMenuComponentTest" time="5.445" errors="0" timestamp="17 Jun 2025 12:30:16 GMT" skipped="0">
  <testcase classname="com.supriya.ultimateqa.authentication.tests.UserMenuComponentTest" name="testUserMenuButtonIsDisplayed" time="2.826"/>
  <testcase classname="com.supriya.ultimateqa.authentication.tests.UserMenuComponentTest" name="verifyUserMenuButtonClickable" time="0.260"/>
  <testcase classname="com.supriya.ultimateqa.authentication.tests.UserMenuComponentTest" name="testMyAccountOptionIsDisplayed" time="0.079"/>
  <testcase classname="com.supriya.ultimateqa.authentication.tests.UserMenuComponentTest" name="testSupportOptionIsDisplayed" time="0.095"/>
  <testcase classname="com.supriya.ultimateqa.authentication.tests.UserMenuComponentTest" name="verifyDropdownOptionsText" time="0.079"/>
  <testcase classname="com.supriya.ultimateqa.authentication.tests.UserMenuComponentTest" name="testSignOutOptionIsDisplayed" time="0.078"/>
  <testcase classname="com.supriya.ultimateqa.authentication.tests.UserMenuComponentTest" name="testSignOutFunctionality" time="2.028"/>
</testsuite> <!-- com.supriya.ultimateqa.authentication.tests.UserMenuComponentTest -->
