<?xml version="1.0" encoding="UTF-8"?>
<!-- Generated by org.testng.reporters.JUnitReportReporter -->
<testsuite hostname="Ameyas-MBP.fritz.box" failures="0" tests="1" name="com.supriya.ultimateqa.authentication.tests.DashBoardTests" time="6.114" errors="0" timestamp="18 Jun 2025 12:50:10 GMT" skipped="0">
  <testcase classname="com.supriya.ultimateqa.authentication.tests.DashBoardTests" name="openDashboardPageAfterValidLogin" time="6.114"/>
</testsuite> <!-- com.supriya.ultimateqa.authentication.tests.DashBoardTests -->
