<?xml version="1.0" encoding="UTF-8"?>
<!-- Generated by org.testng.reporters.JUnitXMLReporter -->
<testsuite ignored="0" hostname="Ameyas-MBP.fritz.box" failures="0" tests="7" name="Default test" time="18.775" errors="0" timestamp="17 Jun 2025 12:30:16 GMT">
  <testcase classname="com.supriya.ultimateqa.authentication.tests.UserMenuComponentTest" name="testUserMenuButtonIsDisplayed" time="2.826"/>
  <testcase classname="com.supriya.ultimateqa.authentication.tests.UserMenuComponentTest" name="verifyUserMenuButtonClickable" time="0.26"/>
  <testcase classname="com.supriya.ultimateqa.authentication.tests.UserMenuComponentTest" name="testMyAccountOptionIsDisplayed" time="0.079"/>
  <testcase classname="com.supriya.ultimateqa.authentication.tests.UserMenuComponentTest" name="testSupportOptionIsDisplayed" time="0.095"/>
  <testcase classname="com.supriya.ultimateqa.authentication.tests.UserMenuComponentTest" name="testSignOutOptionIsDisplayed" time="0.078"/>
  <testcase classname="com.supriya.ultimateqa.authentication.tests.UserMenuComponentTest" name="verifyDropdownOptionsText" time="0.079"/>
  <testcase classname="com.supriya.ultimateqa.authentication.tests.UserMenuComponentTest" name="testSignOutFunctionality" time="2.028"/>
</testsuite> <!-- Default test -->
