<?xml version="1.0" encoding="UTF-8"?>
<testng-results ignored="0" total="1" passed="1" failed="0" skipped="0">
  <reporter-output>
  </reporter-output>
  <suite started-at="2025-05-28T09:42:26Z" name="Default suite" finished-at="2025-05-28T09:42:27Z" duration-ms="1940">
    <groups>
    </groups>
    <test started-at="2025-05-28T09:42:26Z" name="Default test" finished-at="2025-05-28T09:42:27Z" duration-ms="1940">
      <class name="com.supriya.ultimateqa.authentication.tests.HomePageTests">
        <test-method is-config="true" signature="configuration()[pri:0, instance:com.supriya.ultimateqa.authentication.tests.HomePageTests@3646a422]" started-at="2025-05-28T09:42:20Z" name="configuration" finished-at="2025-05-28T09:42:26Z" duration-ms="5715" status="PASS">
          <reporter-output>
          </reporter-output>
        </test-method> <!-- configuration -->
        <test-method signature="signToApplicationTest()[pri:0, instance:com.supriya.ultimateqa.authentication.tests.HomePageTests@3646a422]" started-at="2025-05-28T09:42:26Z" name="signToApplicationTest" finished-at="2025-05-28T09:42:27Z" duration-ms="1904" status="PASS">
          <reporter-output>
          </reporter-output>
        </test-method> <!-- signToApplicationTest -->
      </class> <!-- com.supriya.ultimateqa.authentication.tests.HomePageTests -->
    </test> <!-- Default test -->
  </suite> <!-- Default suite -->
</testng-results>
